# JRE version: Java(TM) SE Runtime Environment (14.0.2+12) (build 14.0.2+12-46)
# Java VM: Java HotSpot(TM) 64-Bit Server VM (14.0.2+12-46, mixed mode, sharing, tiered, compressed oops, g1 gc, windows-amd64)
Heap:
 garbage-first heap   total 98304K, used 35814K [0x00000000a1e00000, 0x0000000100000000)
  region size 1024K, 31 young (31744K), 3 survivors (3072K)
 Metaspace       used 12813K, capacity 13285K, committed 13568K, reserved 1060864K
  class space    used 1818K, capacity 2014K, committed 2048K, reserved 1048576K
GC Heap History (6 events):
Event: 1.433 GC heap before
{Heap before GC invocations=0 (full 0):
 garbage-first heap   total 98304K, used 22528K [0x00000000a1e00000, 0x0000000100000000)
  region size 1024K, 23 young (23552K), 0 survivors (0K)
 Metaspace       used 3665K, capacity 5174K, committed 5376K, reserved 1056768K
  class space    used 340K, capacity 489K, committed 512K, reserved 1048576K
}
Event: 1.440 GC heap after
{Heap after GC invocations=1 (full 0):
 garbage-first heap   total 98304K, used 6247K [0x00000000a1e00000, 0x0000000100000000)
  region size 1024K, 3 young (3072K), 3 survivors (3072K)
 Metaspace       used 3665K, capacity 5174K, committed 5376K, reserved 1056768K
  class space    used 340K, capacity 489K, committed 512K, reserved 1048576K
}
Event: 2.435 GC heap before
{Heap before GC invocations=1 (full 0):
 garbage-first heap   total 98304K, used 33895K [0x00000000a1e00000, 0x0000000100000000)
  region size 1024K, 30 young (30720K), 3 survivors (3072K)
 Metaspace       used 6621K, capacity 7402K, committed 7680K, reserved 1056768K
  class space    used 759K, capacity 936K, committed 1024K, reserved 1048576K
}
Event: 2.440 GC heap after
{Heap after GC invocations=2 (full 0):
 garbage-first heap   total 98304K, used 6636K [0x00000000a1e00000, 0x0000000100000000)
  region size 1024K, 1 young (1024K), 1 survivors (1024K)
 Metaspace       used 6621K, capacity 7402K, committed 7680K, reserved 1056768K
  class space    used 759K, capacity 936K, committed 1024K, reserved 1048576K
}
Event: 3.705 GC heap before
{Heap before GC invocations=2 (full 0):
 garbage-first heap   total 98304K, used 63980K [0x00000000a1e00000, 0x0000000100000000)
  region size 1024K, 57 young (58368K), 1 survivors (1024K)
 Metaspace       used 11086K, capacity 11591K, committed 11776K, reserved 1058816K
  class space    used 1519K, capacity 1707K, committed 1792K, reserved 1048576K
}
Event: 3.712 GC heap after
{Heap after GC invocations=3 (full 0):
 garbage-first heap   total 98304K, used 8166K [0x00000000a1e00000, 0x0000000100000000)
  region size 1024K, 3 young (3072K), 3 survivors (3072K)
 Metaspace       used 11086K, capacity 11591K, committed 11776K, reserved 1058816K
  class space    used 1519K, capacity 1707K, committed 1792K, reserved 1048576K
}

